==========================================================
==========================================================
==========================================================
==========server start time:2023-08-01 05:04:33===========
==========================================================
==========================================================
==========================================================
=====================start openim-api======================
configFolderPath: 
use config /Open-IM-Server/config/config.yaml
use config /Open-IM-Server/config/notification.yaml
Error: redis ping WRONGPASS invalid username-password pair or user is disabled.
Usage:
  start openIM application [flags]

Flags:
  -c, --config_folder_path string   Path to config file folder
  -h, --help                        help for start
  -p, --port int                    server listen port

panic: redis ping WRONGPASS invalid username-password pair or user is disabled.

goroutine 1 [running]:
main.main()
	/Open-IM-Server/cmd/openim-api/main.go:44 +0xc5
=====================start openim-rpc-user======================
configFolderPath: 
use config /Open-IM-Server/config/config.yaml
use config /Open-IM-Server/config/notification.yaml
start User server, port:  10110 prometheusPort: 0 , OpenIM version:  v3.0.0

2023/08/01 05:04:34 [35m/Open-IM-Server/pkg/common/db/relation/mysql_init.go:92
[0m[31m[error] [0mfailed to initialize database, got error Error 1045: Access denied for user 'root'@'172.23.0.1' (using password: YES)
panic: Error 1045: Access denied for user 'root'@'172.23.0.1' (using password: YES) Open failed root:openIM123@tcp(127.0.0.1:13306)/mysql?charset=utf8mb4&parseTime=true&loc=Local

goroutine 1 [running]:
github.com/OpenIMSDK/Open-IM-Server/pkg/common/db/relation.newMysqlGormDB()
	/Open-IM-Server/pkg/common/db/relation/mysql_init.go:44 +0x6c5
github.com/OpenIMSDK/Open-IM-Server/pkg/common/db/relation.NewGormDB()
	/Open-IM-Server/pkg/common/db/relation/mysql_init.go:108 +0x1d3
github.com/OpenIMSDK/Open-IM-Server/internal/rpc/user.Start({0x14ea9c8?, 0xc0000b7d40}, 0x1?)
	/Open-IM-Server/internal/rpc/user/user.go:54 +0x4e
github.com/OpenIMSDK/Open-IM-Server/pkg/common/startrpc.Start(0x40de67?, {0xc0006987a0, 0x4}, 0x0, 0x1316d10, {0x0, 0x0, 0x0})
	/Open-IM-Server/pkg/common/startrpc/start.go:91 +0xb7e
github.com/OpenIMSDK/Open-IM-Server/pkg/common/cmd.(*RpcCmd).StartSvr(0xc000132598?, {0xc0006987a0?, 0x0?}, 0x0?)
	/Open-IM-Server/pkg/common/cmd/rpc.go:51 +0x75
main.main()
	/Open-IM-Server/cmd/openim-rpc/openim-rpc-user/main.go:30 +0xad
=====================start openim-rpc-friend======================
configFolderPath: /Open-IM-Server/scripts/../config
use config /Open-IM-Server/config/config.yaml
use config /Open-IM-Server/config/notification.yaml
start Friend server, port:  10120 prometheusPort: 20120 , OpenIM version:  v3.0.0

2023/08/01 05:04:35 [35m/Open-IM-Server/pkg/common/db/relation/mysql_init.go:92
[0m[31m[error] [0mfailed to initialize database, got error Error 1045: Access denied for user 'root'@'172.23.0.1' (using password: YES)
panic: Error 1045: Access denied for user 'root'@'172.23.0.1' (using password: YES) Open failed root:openIM123@tcp(127.0.0.1:13306)/mysql?charset=utf8mb4&parseTime=true&loc=Local

goroutine 1 [running]:
github.com/OpenIMSDK/Open-IM-Server/pkg/common/db/relation.newMysqlGormDB()
	/Open-IM-Server/pkg/common/db/relation/mysql_init.go:44 +0x6c5
github.com/OpenIMSDK/Open-IM-Server/pkg/common/db/relation.NewGormDB()
	/Open-IM-Server/pkg/common/db/relation/mysql_init.go:108 +0x1d3
github.com/OpenIMSDK/Open-IM-Server/internal/rpc/friend.Start({0x1406128?, 0xc0000e6d80}, 0x1?)
	/Open-IM-Server/internal/rpc/friend/friend.go:49 +0x4e
github.com/OpenIMSDK/Open-IM-Server/pkg/common/startrpc.Start(0x40de67?, {0xc0005c5af0, 0x6}, 0x4e98, 0x1246448, {0x0, 0x0, 0x0})
	/Open-IM-Server/pkg/common/startrpc/start.go:91 +0xb7e
github.com/OpenIMSDK/Open-IM-Server/pkg/common/cmd.(*RpcCmd).StartSvr(0xc000012220?, {0xc0005c5af0?, 0x0?}, 0x0?)
	/Open-IM-Server/pkg/common/cmd/rpc.go:51 +0x75
main.main()
	/Open-IM-Server/cmd/openim-rpc/openim-rpc-friend/main.go:30 +0xad
=====================start openim-rpc-group======================
configFolderPath: /Open-IM-Server/scripts/../config
use config /Open-IM-Server/config/config.yaml
use config /Open-IM-Server/config/notification.yaml
start Group server, port:  10150 prometheusPort: 20150 , OpenIM version:  v3.0.0

2023/08/01 05:04:36 [35m/Open-IM-Server/pkg/common/db/relation/mysql_init.go:92
[0m[31m[error] [0mfailed to initialize database, got error Error 1045: Access denied for user 'root'@'172.23.0.1' (using password: YES)
panic: Error 1045: Access denied for user 'root'@'172.23.0.1' (using password: YES) Open failed root:openIM123@tcp(127.0.0.1:13306)/mysql?charset=utf8mb4&parseTime=true&loc=Local

goroutine 1 [running]:
github.com/OpenIMSDK/Open-IM-Server/pkg/common/db/relation.newMysqlGormDB()
	/Open-IM-Server/pkg/common/db/relation/mysql_init.go:44 +0x6c5
github.com/OpenIMSDK/Open-IM-Server/pkg/common/db/relation.NewGormDB()
	/Open-IM-Server/pkg/common/db/relation/mysql_init.go:108 +0x1d3
github.com/OpenIMSDK/Open-IM-Server/internal/rpc/group.Start({0x15232a8, 0xc00044ea20}, 0x1?)
	/Open-IM-Server/internal/rpc/group/group.go:56 +0x46
github.com/OpenIMSDK/Open-IM-Server/pkg/common/startrpc.Start(0x40de67?, {0xc00061da30, 0x5}, 0x4eb6, 0x134cac0, {0x0, 0x0, 0x0})
	/Open-IM-Server/pkg/common/startrpc/start.go:91 +0xb7e
github.com/OpenIMSDK/Open-IM-Server/pkg/common/cmd.(*RpcCmd).StartSvr(0xc000012058?, {0xc00061da30?, 0x0?}, 0x0?)
	/Open-IM-Server/pkg/common/cmd/rpc.go:51 +0x75
main.main()
	/Open-IM-Server/cmd/openim-rpc/openim-rpc-group/main.go:30 +0xad
=====================start openim-rpc-auth======================
configFolderPath: /Open-IM-Server/scripts/../config
use config /Open-IM-Server/config/config.yaml
use config /Open-IM-Server/config/notification.yaml
start Auth server, port:  10160 prometheusPort: 20160 , OpenIM version:  v3.0.0
panic: ==> github.com/OpenIMSDK/Open-IM-Server/pkg/common/startrpc.Start()@93: : redis ping WRONGPASS invalid username-password pair or user is disabled.

goroutine 1 [running]:
main.main()
	/Open-IM-Server/cmd/openim-rpc/openim-rpc-auth/main.go:31 +0xd9
=====================start openim-rpc-msg======================
configFolderPath: /Open-IM-Server/scripts/../config
use config /Open-IM-Server/config/config.yaml
use config /Open-IM-Server/config/notification.yaml
start Msg server, port:  10130 prometheusPort: 20130 , OpenIM version:  v3.0.0
panic: ==> github.com/OpenIMSDK/Open-IM-Server/pkg/common/startrpc.Start()@93: : redis ping WRONGPASS invalid username-password pair or user is disabled.

goroutine 1 [running]:
main.main()
	/Open-IM-Server/cmd/openim-rpc/openim-rpc-msg/main.go:31 +0xd9
=====================start openim-rpc-conversation======================
configFolderPath: /Open-IM-Server/scripts/../config
use config /Open-IM-Server/config/config.yaml
use config /Open-IM-Server/config/notification.yaml
start Conversation server, port:  10180 prometheusPort: 20230 , OpenIM version:  v3.0.0

2023/08/01 05:04:39 [35m/Open-IM-Server/pkg/common/db/relation/mysql_init.go:92
[0m[31m[error] [0mfailed to initialize database, got error Error 1045: Access denied for user 'root'@'172.23.0.1' (using password: YES)
panic: Error 1045: Access denied for user 'root'@'172.23.0.1' (using password: YES) Open failed root:openIM123@tcp(127.0.0.1:13306)/mysql?charset=utf8mb4&parseTime=true&loc=Local

goroutine 1 [running]:
github.com/OpenIMSDK/Open-IM-Server/pkg/common/db/relation.newMysqlGormDB()
	/Open-IM-Server/pkg/common/db/relation/mysql_init.go:44 +0x6c5
github.com/OpenIMSDK/Open-IM-Server/pkg/common/db/relation.NewGormDB()
	/Open-IM-Server/pkg/common/db/relation/mysql_init.go:108 +0x1d3
github.com/OpenIMSDK/Open-IM-Server/internal/rpc/conversation.Start({0x1400138, 0xc000394fc0}, 0x1?)
	/Open-IM-Server/internal/rpc/conversation/conversaion.go:46 +0x46
github.com/OpenIMSDK/Open-IM-Server/pkg/common/startrpc.Start(0x40de67?, {0xc000447ab0, 0xc}, 0x4f06, 0x1240f28, {0x0, 0x0, 0x0})
	/Open-IM-Server/pkg/common/startrpc/start.go:91 +0xb7e
github.com/OpenIMSDK/Open-IM-Server/pkg/common/cmd.(*RpcCmd).StartSvr(0xc0003a4070?, {0xc000447ab0?, 0x0?}, 0x0?)
	/Open-IM-Server/pkg/common/cmd/rpc.go:51 +0x75
main.main()
	/Open-IM-Server/cmd/openim-rpc/openim-rpc-conversation/main.go:30 +0xad
=====================start openim-rpc-third======================
configFolderPath: /Open-IM-Server/scripts/../config
use config /Open-IM-Server/config/config.yaml
use config /Open-IM-Server/config/notification.yaml
start Third server, port:  10190 prometheusPort: 21301 , OpenIM version:  v3.0.0
panic: ==> github.com/OpenIMSDK/Open-IM-Server/pkg/common/startrpc.Start()@93: : redis ping WRONGPASS invalid username-password pair or user is disabled.

goroutine 1 [running]:
main.main()
	/Open-IM-Server/cmd/openim-rpc/openim-rpc-third/main.go:31 +0xd9
==========================start msg_gateway server===========================
configFolderPath: /Open-IM-Server/scripts/../config
use config /Open-IM-Server/config/config.yaml
use config /Open-IM-Server/config/notification.yaml
start rpc/msg_gateway server, port:  10140 10001 20140 , OpenIM version:  v3.0.0
start MessageGateway server, port:  10140 prometheusPort: 0 , OpenIM version:  v3.0.0
panic: ==> github.com/OpenIMSDK/Open-IM-Server/pkg/common/startrpc.Start()@93: : redis ping WRONGPASS invalid username-password pair or user is disabled.

goroutine 24 [running]:
github.com/OpenIMSDK/Open-IM-Server/internal/msggateway.RunWsAndServer.func1()
	/Open-IM-Server/internal/msggateway/init.go:45 +0x8c
created by github.com/OpenIMSDK/Open-IM-Server/internal/msggateway.RunWsAndServer
	/Open-IM-Server/internal/msggateway/init.go:42 +0x30d
==========================start push server===========================
configFolderPath: 
use config /Open-IM-Server/config/config.yaml
use config /Open-IM-Server/config/notification.yaml
start Push server, port:  10170 prometheusPort: 20170 , OpenIM version:  v3.0.0
panic: ==> github.com/OpenIMSDK/Open-IM-Server/pkg/common/startrpc.Start()@93: : redis ping WRONGPASS invalid username-password pair or user is disabled.

goroutine 1 [running]:
main.main()
	/Open-IM-Server/cmd/openim-push/main.go:31 +0xd9
==========================start msg_transfer server===========================
==========================start msg_transfer server===========================
==========================start msg_transfer server===========================
==========================start msg_transfer server===========================
configFolderPath: /Open-IM-Server/scripts/../config
configFolderPath: /Open-IM-Server/scripts/../config
use config /Open-IM-Server/config/config.yaml
configFolderPath: /Open-IM-Server/scripts/../config
use config /Open-IM-Server/config/config.yaml
use config /Open-IM-Server/config/notification.yaml
configFolderPath: /Open-IM-Server/scripts/../config
use config /Open-IM-Server/config/notification.yaml
use config /Open-IM-Server/config/config.yaml
use config /Open-IM-Server/config/config.yaml
use config /Open-IM-Server/config/notification.yaml
use config /Open-IM-Server/config/notification.yaml

2023/08/01 05:04:50 [35m/Open-IM-Server/pkg/common/db/relation/mysql_init.go:92
[0m[31m[error] [0mfailed to initialize database, got error Error 1045: Access denied for user 'root'@'172.23.0.1' (using password: YES)

2023/08/01 05:04:50 [35m/Open-IM-Server/pkg/common/db/relation/mysql_init.go:92
[0m[31m[error] [0mfailed to initialize database, got error Error 1045: Access denied for user 'root'@'172.23.0.1' (using password: YES)

2023/08/01 05:04:50 [35m/Open-IM-Server/pkg/common/db/relation/mysql_init.go:92
[0m[31m[error] [0mfailed to initialize database, got error Error 1045: Access denied for user 'root'@'172.23.0.1' (using password: YES)

2023/08/01 05:04:50 [35m/Open-IM-Server/pkg/common/db/relation/mysql_init.go:92
[0m[31m[error] [0mfailed to initialize database, got error Error 1045: Access denied for user 'root'@'172.23.0.1' (using password: YES)
panic: panic: Error 1045: Access denied for user 'root'@'172.23.0.1' (using password: YES) Open failed root:openIM123@tcp(127.0.0.1:13306)/mysql?charset=utf8mb4&parseTime=true&loc=LocalError 1045: Access denied for user 'root'@'172.23.0.1' (using password: YES) Open failed root:openIM123@tcp(127.0.0.1:13306)/mysql?charset=utf8mb4&parseTime=true&loc=Local



goroutine goroutine 11 [ [runningrunning]:
]:
github.com/OpenIMSDK/Open-IM-Server/pkg/common/db/relation.newMysqlGormDBgithub.com/OpenIMSDK/Open-IM-Server/pkg/common/db/relation.newMysqlGormDB(()
)
		/Open-IM-Server/pkg/common/db/relation/mysql_init.go/Open-IM-Server/pkg/common/db/relation/mysql_init.go::4444 + +0x6c50x6c5

github.com/OpenIMSDK/Open-IM-Server/pkg/common/db/relation.NewGormDBgithub.com/OpenIMSDK/Open-IM-Server/pkg/common/db/relation.NewGormDB(()
)
		/Open-IM-Server/pkg/common/db/relation/mysql_init.go/Open-IM-Server/pkg/common/db/relation/mysql_init.go::108108 + +0x1d30x1d3

github.com/OpenIMSDK/Open-IM-Server/internal/msgtransfer.StartTransfergithub.com/OpenIMSDK/Open-IM-Server/internal/msgtransfer.StartTransfer((0x00x0??)
)
		/Open-IM-Server/internal/msgtransfer/init.go/Open-IM-Server/internal/msgtransfer/init.go::4646 + +0x330x33

github.com/OpenIMSDK/Open-IM-Server/pkg/common/cmd.(*MsgTransferCmd).addRunE.func1github.com/OpenIMSDK/Open-IM-Server/pkg/common/cmd.(*MsgTransferCmd).addRunE.func1((0xc0000052000xc000204900??, , {{0x13e3e7a0x13e3e7a??, , 0x60x6??, , 0x60x6??}})
)
		/Open-IM-Server/pkg/common/cmd/msg_transfer.go/Open-IM-Server/pkg/common/cmd/msg_transfer.go::3333 + +0x2b0x2b

github.com/spf13/cobra.(*Command).executegithub.com/spf13/cobra.(*Command).execute((0xc0000052000xc000204900, , {{0xc00003e1600xc00012c080, , 0x60x6, , 0x60x6}})
)
		/go/pkg/mod/github.com/spf13/cobra@v1.6.1/command.go/go/pkg/mod/github.com/spf13/cobra@v1.6.1/command.go::916916 + +0x8620x862

github.com/spf13/cobra.(*Command).ExecuteCgithub.com/spf13/cobra.(*Command).ExecuteC((0xc0000052000xc000204900)
)
		/go/pkg/mod/github.com/spf13/cobra@v1.6.1/command.go/go/pkg/mod/github.com/spf13/cobra@v1.6.1/command.go::10441044 + +0x3bd0x3bd

github.com/spf13/cobra.(*Command).Executegithub.com/spf13/cobra.(*Command).Execute(...)
(...)
		/go/pkg/mod/github.com/spf13/cobra@v1.6.1/command.go/go/pkg/mod/github.com/spf13/cobra@v1.6.1/command.go::968968

github.com/OpenIMSDK/Open-IM-Server/pkg/common/cmd.(*RootCmd).Executegithub.com/OpenIMSDK/Open-IM-Server/pkg/common/cmd.(*RootCmd).Execute(...)
(...)
		/Open-IM-Server/pkg/common/cmd/root.go/Open-IM-Server/pkg/common/cmd/root.go::116116

github.com/OpenIMSDK/Open-IM-Server/pkg/common/cmd.(*MsgTransferCmd).Execgithub.com/OpenIMSDK/Open-IM-Server/pkg/common/cmd.(*MsgTransferCmd).Exec((0xc0001d2298)
	0xc00061a328/Open-IM-Server/pkg/common/cmd/msg_transfer.go)
:	39/Open-IM-Server/pkg/common/cmd/msg_transfer.go +:0x2d39
 +main.main0x2d(
)
main.main	(/Open-IM-Server/cmd/openim-msgtransfer/main.go)
:	24/Open-IM-Server/cmd/openim-msgtransfer/main.go +:0x7424
 +0x74
panic: Error 1045: Access denied for user 'root'@'172.23.0.1' (using password: YES) Open failed root:openIM123@tcp(127.0.0.1:13306)/mysql?charset=utf8mb4&parseTime=true&loc=Local

goroutine 1 [running]:
github.com/OpenIMSDK/Open-IM-Server/pkg/common/db/relation.newMysqlGormDB()
	/Open-IM-Server/pkg/common/db/relation/mysql_init.go:44 +0x6c5
github.com/OpenIMSDK/Open-IM-Server/pkg/common/db/relation.NewGormDB()
	/Open-IM-Server/pkg/common/db/relation/mysql_init.go:108 +0x1d3
github.com/OpenIMSDK/Open-IM-Server/internal/msgtransfer.StartTransfer(0x0?)
	/Open-IM-Server/internal/msgtransfer/init.go:46 +0x33
github.com/OpenIMSDK/Open-IM-Server/pkg/common/cmd.(*MsgTransferCmd).addRunE.func1(0xc000203500?, {0x13e3e7a?, 0x6?, 0x6?})
	/Open-IM-Server/pkg/common/cmd/msg_transfer.go:33 +0x2b
github.com/spf13/cobra.(*Command).execute(0xc000203500, {0xc00012c080, 0x6, 0x6})
	/go/pkg/mod/github.com/spf13/cobra@v1.6.1/command.go:916 +0x862
github.com/spf13/cobra.(*Command).ExecuteC(0xc000203500)
	/go/pkg/mod/github.com/spf13/cobra@v1.6.1/command.go:1044 +0x3bd
github.com/spf13/cobra.(*Command).Execute(...)
	/go/pkg/mod/github.com/spf13/cobra@v1.6.1/command.go:968
github.com/OpenIMSDK/Open-IM-Server/pkg/common/cmd.(*RootCmd).Execute(...)
	/Open-IM-Server/pkg/common/cmd/root.go:116
github.com/OpenIMSDK/Open-IM-Server/pkg/common/cmd.(*MsgTransferCmd).Exec(0xc00012e120)
	/Open-IM-Server/pkg/common/cmd/msg_transfer.go:39 +0x2d
main.main()
	/Open-IM-Server/cmd/openim-msgtransfer/main.go:24 +0x74
panic: Error 1045: Access denied for user 'root'@'172.23.0.1' (using password: YES) Open failed root:openIM123@tcp(127.0.0.1:13306)/mysql?charset=utf8mb4&parseTime=true&loc=Local

goroutine 1 [running]:
github.com/OpenIMSDK/Open-IM-Server/pkg/common/db/relation.newMysqlGormDB()
	/Open-IM-Server/pkg/common/db/relation/mysql_init.go:44 +0x6c5
github.com/OpenIMSDK/Open-IM-Server/pkg/common/db/relation.NewGormDB()
	/Open-IM-Server/pkg/common/db/relation/mysql_init.go:108 +0x1d3
github.com/OpenIMSDK/Open-IM-Server/internal/msgtransfer.StartTransfer(0x0?)
	/Open-IM-Server/internal/msgtransfer/init.go:46 +0x33
github.com/OpenIMSDK/Open-IM-Server/pkg/common/cmd.(*MsgTransferCmd).addRunE.func1(0xc000004900?, {0x13e3e7a?, 0x6?, 0x6?})
	/Open-IM-Server/pkg/common/cmd/msg_transfer.go:33 +0x2b
github.com/spf13/cobra.(*Command).execute(0xc000004900, {0xc00003e160, 0x6, 0x6})
	/go/pkg/mod/github.com/spf13/cobra@v1.6.1/command.go:916 +0x862
github.com/spf13/cobra.(*Command).ExecuteC(0xc000004900)
	/go/pkg/mod/github.com/spf13/cobra@v1.6.1/command.go:1044 +0x3bd
github.com/spf13/cobra.(*Command).Execute(...)
	/go/pkg/mod/github.com/spf13/cobra@v1.6.1/command.go:968
github.com/OpenIMSDK/Open-IM-Server/pkg/common/cmd.(*RootCmd).Execute(...)
	/Open-IM-Server/pkg/common/cmd/root.go:116
github.com/OpenIMSDK/Open-IM-Server/pkg/common/cmd.(*MsgTransferCmd).Exec(0xc00059e070)
	/Open-IM-Server/pkg/common/cmd/msg_transfer.go:39 +0x2d
main.main()
	/Open-IM-Server/cmd/openim-msgtransfer/main.go:24 +0x74
==========================start cron_task process===========================
configFolderPath: 
use config /Open-IM-Server/config/config.yaml
use config /Open-IM-Server/config/notification.yaml
cron task start, config 0 2 * * 3
Error: redis ping WRONGPASS invalid username-password pair or user is disabled.
Usage:
  start openIM application [flags]

Flags:
  -c, --config_folder_path string   Path to config file folder
  -h, --help                        help for start

panic: redis ping WRONGPASS invalid username-password pair or user is disabled.

goroutine 1 [running]:
main.main()
	/Open-IM-Server/cmd/openim-crontask/main.go:25 +0x54
==========================================================
==========================================================
==========================================================
==========server start time:2023-08-01 06:01:00===========
==========================================================
==========================================================
==========================================================
=====================start openim-api======================
configFolderPath: 
use config /Open-IM-Server/config/config.yaml
use config /Open-IM-Server/config/notification.yaml
Error: redis ping WRONGPASS invalid username-password pair or user is disabled.
Usage:
  start openIM application [flags]

Flags:
  -c, --config_folder_path string   Path to config file folder
  -h, --help                        help for start
  -p, --port int                    server listen port

panic: redis ping WRONGPASS invalid username-password pair or user is disabled.

goroutine 1 [running]:
main.main()
	/Open-IM-Server/cmd/openim-api/main.go:44 +0xc5
=====================start openim-rpc-user======================
configFolderPath: 
use config /Open-IM-Server/config/config.yaml
use config /Open-IM-Server/config/notification.yaml
start User server, port:  10110 prometheusPort: 0 , OpenIM version:  v3.0.0

2023/08/01 06:01:01 [35m/Open-IM-Server/pkg/common/db/relation/mysql_init.go:92
[0m[31m[error] [0mfailed to initialize database, got error Error 1045: Access denied for user 'root'@'172.24.0.1' (using password: YES)
panic: Error 1045: Access denied for user 'root'@'172.24.0.1' (using password: YES) Open failed root:${MYSQL_PASSWORD}@tcp(127.0.0.1:13306)/mysql?charset=utf8mb4&parseTime=true&loc=Local

goroutine 1 [running]:
github.com/OpenIMSDK/Open-IM-Server/pkg/common/db/relation.newMysqlGormDB()
	/Open-IM-Server/pkg/common/db/relation/mysql_init.go:44 +0x6c5
github.com/OpenIMSDK/Open-IM-Server/pkg/common/db/relation.NewGormDB()
	/Open-IM-Server/pkg/common/db/relation/mysql_init.go:108 +0x1d3
github.com/OpenIMSDK/Open-IM-Server/internal/rpc/user.Start({0x14ea9c8?, 0xc00031c7e0}, 0x1?)
	/Open-IM-Server/internal/rpc/user/user.go:54 +0x4e
github.com/OpenIMSDK/Open-IM-Server/pkg/common/startrpc.Start(0x40de67?, {0xc000259650, 0x4}, 0x0, 0x1316d10, {0x0, 0x0, 0x0})
	/Open-IM-Server/pkg/common/startrpc/start.go:91 +0xb7e
github.com/OpenIMSDK/Open-IM-Server/pkg/common/cmd.(*RpcCmd).StartSvr(0xc00032c018?, {0xc000259650?, 0x0?}, 0x0?)
	/Open-IM-Server/pkg/common/cmd/rpc.go:51 +0x75
main.main()
	/Open-IM-Server/cmd/openim-rpc/openim-rpc-user/main.go:30 +0xad
=====================start openim-rpc-friend======================
configFolderPath: /Open-IM-Server/scripts/../config
use config /Open-IM-Server/config/config.yaml
use config /Open-IM-Server/config/notification.yaml
start Friend server, port:  10120 prometheusPort: 20120 , OpenIM version:  v3.0.0

2023/08/01 06:01:02 [35m/Open-IM-Server/pkg/common/db/relation/mysql_init.go:92
[0m[31m[error] [0mfailed to initialize database, got error Error 1045: Access denied for user 'root'@'172.24.0.1' (using password: YES)
panic: Error 1045: Access denied for user 'root'@'172.24.0.1' (using password: YES) Open failed root:${MYSQL_PASSWORD}@tcp(127.0.0.1:13306)/mysql?charset=utf8mb4&parseTime=true&loc=Local

goroutine 1 [running]:
github.com/OpenIMSDK/Open-IM-Server/pkg/common/db/relation.newMysqlGormDB()
	/Open-IM-Server/pkg/common/db/relation/mysql_init.go:44 +0x6c5
github.com/OpenIMSDK/Open-IM-Server/pkg/common/db/relation.NewGormDB()
	/Open-IM-Server/pkg/common/db/relation/mysql_init.go:108 +0x1d3
github.com/OpenIMSDK/Open-IM-Server/internal/rpc/friend.Start({0x1406128?, 0xc0001fa5a0}, 0x1?)
	/Open-IM-Server/internal/rpc/friend/friend.go:49 +0x4e
github.com/OpenIMSDK/Open-IM-Server/pkg/common/startrpc.Start(0x40de67?, {0xc0003d35b0, 0x6}, 0x4e98, 0x1246448, {0x0, 0x0, 0x0})
	/Open-IM-Server/pkg/common/startrpc/start.go:91 +0xb7e
github.com/OpenIMSDK/Open-IM-Server/pkg/common/cmd.(*RpcCmd).StartSvr(0xc0004d4098?, {0xc0003d35b0?, 0x0?}, 0x0?)
	/Open-IM-Server/pkg/common/cmd/rpc.go:51 +0x75
main.main()
	/Open-IM-Server/cmd/openim-rpc/openim-rpc-friend/main.go:30 +0xad
=====================start openim-rpc-group======================
configFolderPath: /Open-IM-Server/scripts/../config
use config /Open-IM-Server/config/config.yaml
use config /Open-IM-Server/config/notification.yaml
start Group server, port:  10150 prometheusPort: 20150 , OpenIM version:  v3.0.0

2023/08/01 06:01:03 [35m/Open-IM-Server/pkg/common/db/relation/mysql_init.go:92
[0m[31m[error] [0mfailed to initialize database, got error Error 1045: Access denied for user 'root'@'172.24.0.1' (using password: YES)
panic: Error 1045: Access denied for user 'root'@'172.24.0.1' (using password: YES) Open failed root:${MYSQL_PASSWORD}@tcp(127.0.0.1:13306)/mysql?charset=utf8mb4&parseTime=true&loc=Local

goroutine 1 [running]:
github.com/OpenIMSDK/Open-IM-Server/pkg/common/db/relation.newMysqlGormDB()
	/Open-IM-Server/pkg/common/db/relation/mysql_init.go:44 +0x6c5
github.com/OpenIMSDK/Open-IM-Server/pkg/common/db/relation.NewGormDB()
	/Open-IM-Server/pkg/common/db/relation/mysql_init.go:108 +0x1d3
github.com/OpenIMSDK/Open-IM-Server/internal/rpc/group.Start({0x15232a8, 0xc00035ea20}, 0x1?)
	/Open-IM-Server/internal/rpc/group/group.go:56 +0x46
github.com/OpenIMSDK/Open-IM-Server/pkg/common/startrpc.Start(0x40de67?, {0xc000334f30, 0x5}, 0x4eb6, 0x134cac0, {0x0, 0x0, 0x0})
	/Open-IM-Server/pkg/common/startrpc/start.go:91 +0xb7e
github.com/OpenIMSDK/Open-IM-Server/pkg/common/cmd.(*RpcCmd).StartSvr(0xc000012098?, {0xc000334f30?, 0x0?}, 0x0?)
	/Open-IM-Server/pkg/common/cmd/rpc.go:51 +0x75
main.main()
	/Open-IM-Server/cmd/openim-rpc/openim-rpc-group/main.go:30 +0xad
=====================start openim-rpc-auth======================
configFolderPath: /Open-IM-Server/scripts/../config
use config /Open-IM-Server/config/config.yaml
use config /Open-IM-Server/config/notification.yaml
start Auth server, port:  10160 prometheusPort: 20160 , OpenIM version:  v3.0.0
panic: ==> github.com/OpenIMSDK/Open-IM-Server/pkg/common/startrpc.Start()@93: : redis ping WRONGPASS invalid username-password pair or user is disabled.

goroutine 1 [running]:
main.main()
	/Open-IM-Server/cmd/openim-rpc/openim-rpc-auth/main.go:31 +0xd9
=====================start openim-rpc-msg======================
configFolderPath: /Open-IM-Server/scripts/../config
use config /Open-IM-Server/config/config.yaml
use config /Open-IM-Server/config/notification.yaml
start Msg server, port:  10130 prometheusPort: 20130 , OpenIM version:  v3.0.0
panic: ==> github.com/OpenIMSDK/Open-IM-Server/pkg/common/startrpc.Start()@93: : redis ping WRONGPASS invalid username-password pair or user is disabled.

goroutine 1 [running]:
main.main()
	/Open-IM-Server/cmd/openim-rpc/openim-rpc-msg/main.go:31 +0xd9
=====================start openim-rpc-conversation======================
configFolderPath: /Open-IM-Server/scripts/../config
use config /Open-IM-Server/config/config.yaml
use config /Open-IM-Server/config/notification.yaml
start Conversation server, port:  10180 prometheusPort: 20230 , OpenIM version:  v3.0.0

2023/08/01 06:01:06 [35m/Open-IM-Server/pkg/common/db/relation/mysql_init.go:92
[0m[31m[error] [0mfailed to initialize database, got error Error 1045: Access denied for user 'root'@'172.24.0.1' (using password: YES)
panic: Error 1045: Access denied for user 'root'@'172.24.0.1' (using password: YES) Open failed root:${MYSQL_PASSWORD}@tcp(127.0.0.1:13306)/mysql?charset=utf8mb4&parseTime=true&loc=Local

goroutine 1 [running]:
github.com/OpenIMSDK/Open-IM-Server/pkg/common/db/relation.newMysqlGormDB()
	/Open-IM-Server/pkg/common/db/relation/mysql_init.go:44 +0x6c5
github.com/OpenIMSDK/Open-IM-Server/pkg/common/db/relation.NewGormDB()
	/Open-IM-Server/pkg/common/db/relation/mysql_init.go:108 +0x1d3
github.com/OpenIMSDK/Open-IM-Server/internal/rpc/conversation.Start({0x1400138, 0xc0002ee7e0}, 0x1?)
	/Open-IM-Server/internal/rpc/conversation/conversaion.go:46 +0x46
github.com/OpenIMSDK/Open-IM-Server/pkg/common/startrpc.Start(0x40de67?, {0xc0004eb610, 0xc}, 0x4f06, 0x1240f28, {0x0, 0x0, 0x0})
	/Open-IM-Server/pkg/common/startrpc/start.go:91 +0xb7e
github.com/OpenIMSDK/Open-IM-Server/pkg/common/cmd.(*RpcCmd).StartSvr(0xc000012050?, {0xc0004eb610?, 0x0?}, 0x0?)
	/Open-IM-Server/pkg/common/cmd/rpc.go:51 +0x75
main.main()
	/Open-IM-Server/cmd/openim-rpc/openim-rpc-conversation/main.go:30 +0xad
=====================start openim-rpc-third======================
configFolderPath: /Open-IM-Server/scripts/../config
use config /Open-IM-Server/config/config.yaml
use config /Open-IM-Server/config/notification.yaml
start Third server, port:  10190 prometheusPort: 21301 , OpenIM version:  v3.0.0
panic: ==> github.com/OpenIMSDK/Open-IM-Server/pkg/common/startrpc.Start()@93: : redis ping WRONGPASS invalid username-password pair or user is disabled.

goroutine 1 [running]:
main.main()
	/Open-IM-Server/cmd/openim-rpc/openim-rpc-third/main.go:31 +0xd9
==========================start msg_gateway server===========================
configFolderPath: /Open-IM-Server/scripts/../config
use config /Open-IM-Server/config/config.yaml
use config /Open-IM-Server/config/notification.yaml
start rpc/msg_gateway server, port:  10140 10001 20140 , OpenIM version:  v3.0.0
start MessageGateway server, port:  10140 prometheusPort: 0 , OpenIM version:  v3.0.0
panic: ==> github.com/OpenIMSDK/Open-IM-Server/pkg/common/startrpc.Start()@93: : redis ping WRONGPASS invalid username-password pair or user is disabled.

goroutine 15 [running]:
github.com/OpenIMSDK/Open-IM-Server/internal/msggateway.RunWsAndServer.func1()
	/Open-IM-Server/internal/msggateway/init.go:45 +0x8c
created by github.com/OpenIMSDK/Open-IM-Server/internal/msggateway.RunWsAndServer
	/Open-IM-Server/internal/msggateway/init.go:42 +0x30d
==========================start push server===========================
configFolderPath: 
use config /Open-IM-Server/config/config.yaml
use config /Open-IM-Server/config/notification.yaml
start Push server, port:  10170 prometheusPort: 20170 , OpenIM version:  v3.0.0
panic: ==> github.com/OpenIMSDK/Open-IM-Server/pkg/common/startrpc.Start()@93: : redis ping WRONGPASS invalid username-password pair or user is disabled.

goroutine 1 [running]:
main.main()
	/Open-IM-Server/cmd/openim-push/main.go:31 +0xd9
==========================start msg_transfer server===========================
==========================start msg_transfer server===========================
==========================start msg_transfer server===========================
==========================start msg_transfer server===========================
configFolderPath: /Open-IM-Server/scripts/../config
use config /Open-IM-Server/config/config.yaml
use config /Open-IM-Server/config/notification.yaml

2023/08/01 06:01:17 [35m/Open-IM-Server/pkg/common/db/relation/mysql_init.go:92
[0m[31m[error] [0mfailed to initialize database, got error Error 1045: Access denied for user 'root'@'172.24.0.1' (using password: YES)
configFolderPath: /Open-IM-Server/scripts/../config
panic: Error 1045: Access denied for user 'root'@'172.24.0.1' (using password: YES) Open failed root:${MYSQL_PASSWORD}@tcp(127.0.0.1:13306)/mysql?charset=utf8mb4&parseTime=true&loc=Local

goroutine 1 [running]:
github.com/OpenIMSDK/Open-IM-Server/pkg/common/db/relation.newMysqlGormDB()
	/Open-IM-Server/pkg/common/db/relation/mysql_init.go:44 +0x6c5
github.com/OpenIMSDK/Open-IM-Server/pkg/common/db/relation.NewGormDB()
	/Open-IM-Server/pkg/common/db/relation/mysql_init.go:108 +0x1d3
github.com/OpenIMSDK/Open-IM-Server/internal/msgtransfer.StartTransfer(0x0?)
	/Open-IM-Server/internal/msgtransfer/init.go:46 +0x33
github.com/OpenIMSDK/Open-IM-Server/pkg/common/cmd.(*MsgTransferCmd).addRunE.func1(0xc00062a000?, {0x13e3e7a?, 0x6?, 0x6?})
	/Open-IM-Server/pkg/common/cmd/msg_transfer.go:33 +0x2b
github.com/spf13/cobra.(*Command).execute(0xc00062a000, {0xc00003e160, 0x6, 0x6})
	/go/pkg/mod/github.com/spf13/cobra@v1.6.1/command.go:916 +0x862
github.com/spf13/cobra.(*Command).ExecuteC(0xc00062a000)
	/go/pkg/mod/github.com/spf13/cobra@v1.6.1/command.go:1044 +0x3bd
github.com/spf13/cobra.(*Command).Execute(...)
	/go/pkg/mod/github.com/spf13/cobra@v1.6.1/command.go:968
github.com/OpenIMSDK/Open-IM-Server/pkg/common/cmd.(*RootCmd).Execute(...)
	/Open-IM-Server/pkg/common/cmd/root.go:116
github.com/OpenIMSDK/Open-IM-Server/pkg/common/cmd.(*MsgTransferCmd).Exec(0xc000620008)
	/Open-IM-Server/pkg/common/cmd/msg_transfer.go:39 +0x2d
main.main()
	/Open-IM-Server/cmd/openim-msgtransfer/main.go:24 +0x74
configFolderPath: /Open-IM-Server/scripts/../config
use config /Open-IM-Server/config/config.yaml
use config /Open-IM-Server/config/notification.yaml

2023/08/01 06:01:17 [35m/Open-IM-Server/pkg/common/db/relation/mysql_init.go:92
[0m[31m[error] [0mfailed to initialize database, got error Error 1045: Access denied for user 'root'@'172.24.0.1' (using password: YES)
panic: Error 1045: Access denied for user 'root'@'172.24.0.1' (using password: YES) Open failed root:${MYSQL_PASSWORD}@tcp(127.0.0.1:13306)/mysql?charset=utf8mb4&parseTime=true&loc=Local

goroutine 1 [running]:
github.com/OpenIMSDK/Open-IM-Server/pkg/common/db/relation.newMysqlGormDB()
	/Open-IM-Server/pkg/common/db/relation/mysql_init.go:44 +0x6c5
github.com/OpenIMSDK/Open-IM-Server/pkg/common/db/relation.NewGormDB()
	/Open-IM-Server/pkg/common/db/relation/mysql_init.go:108 +0x1d3
github.com/OpenIMSDK/Open-IM-Server/internal/msgtransfer.StartTransfer(0x0?)
	/Open-IM-Server/internal/msgtransfer/init.go:46 +0x33
github.com/OpenIMSDK/Open-IM-Server/pkg/common/cmd.(*MsgTransferCmd).addRunE.func1(0xc000382600?, {0x13e3e7a?, 0x6?, 0x6?})
	/Open-IM-Server/pkg/common/cmd/msg_transfer.go:33 +0x2b
github.com/spf13/cobra.(*Command).execute(0xc000382600, {0xc00012c080, 0x6, 0x6})
	/go/pkg/mod/github.com/spf13/cobra@v1.6.1/command.go:916 +0x862
github.com/spf13/cobra.(*Command).ExecuteC(0xc000382600)
	/go/pkg/mod/github.com/spf13/cobra@v1.6.1/command.go:1044 +0x3bd
github.com/spf13/cobra.(*Command).Execute(...)
	/go/pkg/mod/github.com/spf13/cobra@v1.6.1/command.go:968
github.com/OpenIMSDK/Open-IM-Server/pkg/common/cmd.(*RootCmd).Execute(...)
	/Open-IM-Server/pkg/common/cmd/root.go:116
github.com/OpenIMSDK/Open-IM-Server/pkg/common/cmd.(*MsgTransferCmd).Exec(0xc000012328)
	/Open-IM-Server/pkg/common/cmd/msg_transfer.go:39 +0x2d
main.main()
	/Open-IM-Server/cmd/openim-msgtransfer/main.go:24 +0x74
use config /Open-IM-Server/config/config.yaml
use config /Open-IM-Server/config/notification.yaml
configFolderPath: /Open-IM-Server/scripts/../config
use config /Open-IM-Server/config/config.yaml

2023/08/01 06:01:17 [35m/Open-IM-Server/pkg/common/db/relation/mysql_init.go:92
[0m[31m[error] [0mfailed to initialize database, got error Error 1045: Access denied for user 'root'@'172.24.0.1' (using password: YES)
use config /Open-IM-Server/config/notification.yaml
panic: Error 1045: Access denied for user 'root'@'172.24.0.1' (using password: YES) Open failed root:${MYSQL_PASSWORD}@tcp(127.0.0.1:13306)/mysql?charset=utf8mb4&parseTime=true&loc=Local

goroutine 1 [running]:
github.com/OpenIMSDK/Open-IM-Server/pkg/common/db/relation.newMysqlGormDB()
	/Open-IM-Server/pkg/common/db/relation/mysql_init.go:44 +0x6c5
github.com/OpenIMSDK/Open-IM-Server/pkg/common/db/relation.NewGormDB()
	/Open-IM-Server/pkg/common/db/relation/mysql_init.go:108 +0x1d3
github.com/OpenIMSDK/Open-IM-Server/internal/msgtransfer.StartTransfer(0x0?)
	/Open-IM-Server/internal/msgtransfer/init.go:46 +0x33
github.com/OpenIMSDK/Open-IM-Server/pkg/common/cmd.(*MsgTransferCmd).addRunE.func1(0xc0004a7500?, {0x13e3e7a?, 0x6?, 0x6?})
	/Open-IM-Server/pkg/common/cmd/msg_transfer.go:33 +0x2b
github.com/spf13/cobra.(*Command).execute(0xc0004a7500, {0xc00003e160, 0x6, 0x6})
	/go/pkg/mod/github.com/spf13/cobra@v1.6.1/command.go:916 +0x862
github.com/spf13/cobra.(*Command).ExecuteC(0xc0004a7500)
	/go/pkg/mod/github.com/spf13/cobra@v1.6.1/command.go:1044 +0x3bd
github.com/spf13/cobra.(*Command).Execute(...)
	/go/pkg/mod/github.com/spf13/cobra@v1.6.1/command.go:968
github.com/OpenIMSDK/Open-IM-Server/pkg/common/cmd.(*RootCmd).Execute(...)
	/Open-IM-Server/pkg/common/cmd/root.go:116
github.com/OpenIMSDK/Open-IM-Server/pkg/common/cmd.(*MsgTransferCmd).Exec(0xc000532a78)
	/Open-IM-Server/pkg/common/cmd/msg_transfer.go:39 +0x2d
main.main()
	/Open-IM-Server/cmd/openim-msgtransfer/main.go:24 +0x74

2023/08/01 06:01:17 [35m/Open-IM-Server/pkg/common/db/relation/mysql_init.go:92
[0m[31m[error] [0mfailed to initialize database, got error Error 1045: Access denied for user 'root'@'172.24.0.1' (using password: YES)
panic: Error 1045: Access denied for user 'root'@'172.24.0.1' (using password: YES) Open failed root:${MYSQL_PASSWORD}@tcp(127.0.0.1:13306)/mysql?charset=utf8mb4&parseTime=true&loc=Local

goroutine 1 [running]:
github.com/OpenIMSDK/Open-IM-Server/pkg/common/db/relation.newMysqlGormDB()
	/Open-IM-Server/pkg/common/db/relation/mysql_init.go:44 +0x6c5
github.com/OpenIMSDK/Open-IM-Server/pkg/common/db/relation.NewGormDB()
	/Open-IM-Server/pkg/common/db/relation/mysql_init.go:108 +0x1d3
github.com/OpenIMSDK/Open-IM-Server/internal/msgtransfer.StartTransfer(0x0?)
	/Open-IM-Server/internal/msgtransfer/init.go:46 +0x33
github.com/OpenIMSDK/Open-IM-Server/pkg/common/cmd.(*MsgTransferCmd).addRunE.func1(0xc00080c900?, {0x13e3e7a?, 0x6?, 0x6?})
	/Open-IM-Server/pkg/common/cmd/msg_transfer.go:33 +0x2b
github.com/spf13/cobra.(*Command).execute(0xc00080c900, {0xc00012c080, 0x6, 0x6})
	/go/pkg/mod/github.com/spf13/cobra@v1.6.1/command.go:916 +0x862
github.com/spf13/cobra.(*Command).ExecuteC(0xc00080c900)
	/go/pkg/mod/github.com/spf13/cobra@v1.6.1/command.go:1044 +0x3bd
github.com/spf13/cobra.(*Command).Execute(...)
	/go/pkg/mod/github.com/spf13/cobra@v1.6.1/command.go:968
github.com/OpenIMSDK/Open-IM-Server/pkg/common/cmd.(*RootCmd).Execute(...)
	/Open-IM-Server/pkg/common/cmd/root.go:116
github.com/OpenIMSDK/Open-IM-Server/pkg/common/cmd.(*MsgTransferCmd).Exec(0xc0000127b8)
	/Open-IM-Server/pkg/common/cmd/msg_transfer.go:39 +0x2d
main.main()
	/Open-IM-Server/cmd/openim-msgtransfer/main.go:24 +0x74
==========================start cron_task process===========================
configFolderPath: 
use config /Open-IM-Server/config/config.yaml
use config /Open-IM-Server/config/notification.yaml
cron task start, config 0 2 * * 3
Error: redis ping WRONGPASS invalid username-password pair or user is disabled.
Usage:
  start openIM application [flags]

Flags:
  -c, --config_folder_path string   Path to config file folder
  -h, --help                        help for start

panic: redis ping WRONGPASS invalid username-password pair or user is disabled.

goroutine 1 [running]:
main.main()
	/Open-IM-Server/cmd/openim-crontask/main.go:25 +0x54
==========================================================
==========================================================
==========================================================
==========================================================
==========server start time:2023-08-01 06:41:53===========
==========================================================
==========================================================
==========================start msg_transfer server===========================
==========================start msg_transfer server===========================
==========================start msg_transfer server===========================
==========================start msg_transfer server===========================
configFolderPath: /Open-IM-Server/scripts/../config
configFolderPath: /Open-IM-Server/scripts/../config
configFolderPath: /Open-IM-Server/scripts/../config
use config /Open-IM-Server/config/config.yaml
use config /Open-IM-Server/config/config.yaml
use config /Open-IM-Server/config/config.yaml
configFolderPath: /Open-IM-Server/scripts/../config
use config /Open-IM-Server/config/config.yaml
use config /Open-IM-Server/config/notification.yaml
use config /Open-IM-Server/config/notification.yaml
use config /Open-IM-Server/config/notification.yaml
use config /Open-IM-Server/config/notification.yaml
panic: runtime error: index out of range [0] with length 0

goroutine 1 [running]:
panic: github.com/OpenIMSDK/Open-IM-Server/pkg/common/db/relation.newMysqlGormDB(runtime error: index out of range [0] with length 0)

	
/Open-IM-Server/pkg/common/db/relation/mysql_init.gogoroutine :1panic: 40 [panic:  +runtime error: index out of range [0] with length 0running0x6cf
runtime error: index out of range [0] with length 0]:



github.com/OpenIMSDK/Open-IM-Server/pkg/common/db/relation.NewGormDBgoroutine github.com/OpenIMSDK/Open-IM-Server/pkg/common/db/relation.newMysqlGormDB
(1(goroutine )
 [)
1	running	 [/Open-IM-Server/pkg/common/db/relation/mysql_init.go]:
/Open-IM-Server/pkg/common/db/relation/mysql_init.gorunning::]:
108github.com/OpenIMSDK/Open-IM-Server/pkg/common/db/relation.newMysqlGormDB40 +( +github.com/OpenIMSDK/Open-IM-Server/pkg/common/db/relation.newMysqlGormDB0x1d3)
0x6cf(
	
)
github.com/OpenIMSDK/Open-IM-Server/internal/msgtransfer.StartTransfer/Open-IM-Server/pkg/common/db/relation/mysql_init.gogithub.com/OpenIMSDK/Open-IM-Server/pkg/common/db/relation.NewGormDB	(:(/Open-IM-Server/pkg/common/db/relation/mysql_init.go0x040)
:? +	40)
0x6cf/Open-IM-Server/pkg/common/db/relation/mysql_init.go +	
:github.com/OpenIMSDK/Open-IM-Server/pkg/common/db/relation.NewGormDB0x6cf/Open-IM-Server/internal/msgtransfer/init.go108(
: +)
github.com/OpenIMSDK/Open-IM-Server/pkg/common/db/relation.NewGormDB460x1d3	( +
/Open-IM-Server/pkg/common/db/relation/mysql_init.go)
0x33github.com/OpenIMSDK/Open-IM-Server/internal/msgtransfer.StartTransfer:	
(108/Open-IM-Server/pkg/common/db/relation/mysql_init.go0x0 +:github.com/OpenIMSDK/Open-IM-Server/pkg/common/cmd.(*MsgTransferCmd).addRunE.func1?0x1d3108()

 +0xc000368000	github.com/OpenIMSDK/Open-IM-Server/internal/msgtransfer.StartTransfer0x1d3?/Open-IM-Server/internal/msgtransfer/init.go(
, :0x0{46github.com/OpenIMSDK/Open-IM-Server/internal/msgtransfer.StartTransfer?0x13e3e7a +()
?0x330x0	, 
?/Open-IM-Server/internal/msgtransfer/init.go0x2github.com/OpenIMSDK/Open-IM-Server/pkg/common/cmd.(*MsgTransferCmd).addRunE.func1)
:?(	46, 0xc000004900/Open-IM-Server/internal/msgtransfer/init.go +0x2?:0x33?, 46
}{ +github.com/OpenIMSDK/Open-IM-Server/pkg/common/cmd.(*MsgTransferCmd).addRunE.func1)
0x13e3e7a0x33(	?
0xc000282600/Open-IM-Server/pkg/common/cmd/msg_transfer.go, github.com/OpenIMSDK/Open-IM-Server/pkg/common/cmd.(*MsgTransferCmd).addRunE.func1?:0x2(, 33?0xc000738600{ +, ?0x13e3e7a0x2b0x2, ?
?{, }0x13e3e7a0x2)
??	, , /Open-IM-Server/pkg/common/cmd/msg_transfer.go0x20x2:??33, } +0x2)
0x2b?	
}/Open-IM-Server/pkg/common/cmd/msg_transfer.go)
:	33/Open-IM-Server/pkg/common/cmd/msg_transfer.go +:0x2b33
 +0x2b
github.com/spf13/cobra.(*Command).execute(0xc000368000, {github.com/spf13/cobra.(*Command).execute0xc00003e190github.com/spf13/cobra.(*Command).execute(, 0xc000282600(0x2github.com/spf13/cobra.(*Command).execute, 0xc000004900, ({, 0x20xc0007386000xc0001a0160{}, , 0xc00003e190)
{0x2, 	0xc0001a0160, 0x2/go/pkg/mod/github.com/spf13/cobra@v1.6.1/command.go, 0x2, 0x2})
	/go/pkg/mod/github.com/spf13/cobra@v1.6.1/command.go:9160x2, : +}0x29160x862)
} +
	)
0x862/go/pkg/mod/github.com/spf13/cobra@v1.6.1/command.gogithub.com/spf13/cobra.(*Command).ExecuteC	
:(/go/pkg/mod/github.com/spf13/cobra@v1.6.1/command.gogithub.com/spf13/cobra.(*Command).ExecuteC9160xc000738600:( +)
9160xc0003680000x862	 +)

/go/pkg/mod/github.com/spf13/cobra@v1.6.1/command.go0x862	github.com/spf13/cobra.(*Command).ExecuteC:
/go/pkg/mod/github.com/spf13/cobra@v1.6.1/command.go(1044:github.com/spf13/cobra.(*Command).ExecuteC0xc000282600 +1044()
0x3bd +0xc000004900	
0x3bd)
/go/pkg/mod/github.com/spf13/cobra@v1.6.1/command.go
github.com/spf13/cobra.(*Command).Executegithub.com/spf13/cobra.(*Command).Execute	:(...)
(...)
/go/pkg/mod/github.com/spf13/cobra@v1.6.1/command.go1044		: +/go/pkg/mod/github.com/spf13/cobra@v1.6.1/command.go/go/pkg/mod/github.com/spf13/cobra@v1.6.1/command.go10440x3bd:: +
9689680x3bdgithub.com/spf13/cobra.(*Command).Execute


(...)
github.com/OpenIMSDK/Open-IM-Server/pkg/common/cmd.(*RootCmd).Executegithub.com/OpenIMSDK/Open-IM-Server/pkg/common/cmd.(*RootCmd).Executegithub.com/spf13/cobra.(*Command).Execute	(...)
(...)
(...)
/go/pkg/mod/github.com/spf13/cobra@v1.6.1/command.go			:/Open-IM-Server/pkg/common/cmd/root.go/Open-IM-Server/pkg/common/cmd/root.go/go/pkg/mod/github.com/spf13/cobra@v1.6.1/command.go968:::
116116968github.com/OpenIMSDK/Open-IM-Server/pkg/common/cmd.(*RootCmd).Execute


(...)
github.com/OpenIMSDK/Open-IM-Server/pkg/common/cmd.(*MsgTransferCmd).Execgithub.com/OpenIMSDK/Open-IM-Server/pkg/common/cmd.(*MsgTransferCmd).Execgithub.com/OpenIMSDK/Open-IM-Server/pkg/common/cmd.(*RootCmd).Execute	(((...)
/Open-IM-Server/pkg/common/cmd/root.go	:/Open-IM-Server/pkg/common/cmd/root.go116:
116github.com/OpenIMSDK/Open-IM-Server/pkg/common/cmd.(*MsgTransferCmd).Exec
(github.com/OpenIMSDK/Open-IM-Server/pkg/common/cmd.(*MsgTransferCmd).Exec(0xc0001ba7880xc0000122e8)
)
	0xc0001ae3e8	/Open-IM-Server/pkg/common/cmd/msg_transfer.go0xc0005a6068)
)
/Open-IM-Server/pkg/common/cmd/msg_transfer.go:		:39/Open-IM-Server/pkg/common/cmd/msg_transfer.go/Open-IM-Server/pkg/common/cmd/msg_transfer.go39 +:: +0x2d39390x2d
 + +
main.main0x2d0x2dmain.main(

()
main.mainmain.main)
	((	/Open-IM-Server/cmd/openim-msgtransfer/main.go)
)
/Open-IM-Server/cmd/openim-msgtransfer/main.go:		:24/Open-IM-Server/cmd/openim-msgtransfer/main.go/Open-IM-Server/cmd/openim-msgtransfer/main.go24 +:: +0x7424240x74
 + +
0x740x74

==========================start cron_task process===========================
configFolderPath: 
use config /Open-IM-Server/config/config.yaml
use config /Open-IM-Server/config/notification.yaml
cron task start, config 
Error: redis address is empty
Usage:
  start openIM application [flags]

Flags:
  -c, --config_folder_path string   Path to config file folder
  -h, --help                        help for start

panic: redis address is empty

goroutine 1 [running]:
main.main()
	/Open-IM-Server/cmd/openim-crontask/main.go:25 +0x54
==========================================================
==========================================================
==========================================================
==========server start time:2023-08-01 09:11:59===========
==========================================================
==========================================================
==========================================================
=====================start openim-api======================
configFolderPath: 
use config /Open-IM-Server/config/config.yaml
use config /Open-IM-Server/config/notification.yaml
api start init discov client
api register public config to discov
api register public config to discov success
api init router success
start api server, address:  0.0.0.0:10002 , OpenIM version:  v3.0.0
=====================start openim-rpc-user======================
configFolderPath: 
use config /Open-IM-Server/config/config.yaml
use config /Open-IM-Server/config/notification.yaml
start User server, port:  10110 prometheusPort: 0 , OpenIM version:  v3.0.0
mongo: mongodb://root:LJKREc26A2BgziHW@127.0.0.1:37017/openIM_v3?maxPoolSize=100&authSource=admin
=====================start openim-rpc-friend======================
configFolderPath: /Open-IM-Server/scripts/../config
use config /Open-IM-Server/config/config.yaml
use config /Open-IM-Server/config/notification.yaml
start Friend server, port:  10120 prometheusPort: 20120 , OpenIM version:  v3.0.0
=====================start openim-rpc-group======================
configFolderPath: /Open-IM-Server/scripts/../config
use config /Open-IM-Server/config/config.yaml
use config /Open-IM-Server/config/notification.yaml
start Group server, port:  10150 prometheusPort: 20150 , OpenIM version:  v3.0.0
mongo: mongodb://root:LJKREc26A2BgziHW@127.0.0.1:37017/openIM_v3?maxPoolSize=100&authSource=admin
=====================start openim-rpc-auth======================
configFolderPath: /Open-IM-Server/scripts/../config
use config /Open-IM-Server/config/config.yaml
use config /Open-IM-Server/config/notification.yaml
start Auth server, port:  10160 prometheusPort: 20160 , OpenIM version:  v3.0.0
=====================start openim-rpc-msg======================
configFolderPath: /Open-IM-Server/scripts/../config
use config /Open-IM-Server/config/config.yaml
use config /Open-IM-Server/config/notification.yaml
start Msg server, port:  10130 prometheusPort: 20130 , OpenIM version:  v3.0.0
mongo: mongodb://root:LJKREc26A2BgziHW@127.0.0.1:37017/openIM_v3?maxPoolSize=100&authSource=admin
=====================start openim-rpc-conversation======================
configFolderPath: /Open-IM-Server/scripts/../config
use config /Open-IM-Server/config/config.yaml
use config /Open-IM-Server/config/notification.yaml
start Conversation server, port:  10180 prometheusPort: 20230 , OpenIM version:  v3.0.0
=====================start openim-rpc-third======================
configFolderPath: /Open-IM-Server/scripts/../config
use config /Open-IM-Server/config/config.yaml
use config /Open-IM-Server/config/notification.yaml
start Third server, port:  10190 prometheusPort: 21301 , OpenIM version:  v3.0.0
==========================start msg_gateway server===========================
configFolderPath: /Open-IM-Server/scripts/../config
use config /Open-IM-Server/config/config.yaml
use config /Open-IM-Server/config/notification.yaml
start rpc/msg_gateway server, port:  10140 10001 20140 , OpenIM version:  v3.0.0
start MessageGateway server, port:  10140 prometheusPort: 0 , OpenIM version:  v3.0.0
==========================start push server===========================
configFolderPath: 
use config /Open-IM-Server/config/config.yaml
use config /Open-IM-Server/config/notification.yaml
start Push server, port:  10170 prometheusPort: 20170 , OpenIM version:  v3.0.0
==========================start msg_transfer server===========================
==========================start msg_transfer server===========================
==========================start msg_transfer server===========================
==========================start msg_transfer server===========================
configFolderPath: /Open-IM-Server/scripts/../config
configFolderPath: /Open-IM-Server/scripts/../config
use config /Open-IM-Server/config/config.yaml
use config /Open-IM-Server/config/notification.yaml
use config /Open-IM-Server/config/config.yaml
use config /Open-IM-Server/config/notification.yaml
configFolderPath: /Open-IM-Server/scripts/../config
configFolderPath: /Open-IM-Server/scripts/../config
use config /Open-IM-Server/config/config.yaml
use config /Open-IM-Server/config/config.yaml
use config /Open-IM-Server/config/notification.yaml
use config /Open-IM-Server/config/notification.yaml
failed to rotate: open ../../../../../logs//OpenIM.log.all.2023-08-01_lock: file exists
failed to rotate: open ../../../../../logs//OpenIM.log.all.2023-08-01_lock: file exists
failed to rotate: open ../../../../../logs//OpenIM.log.all.2023-08-01_lock: file exists
gorm: AutoMigrate ChatLogModel err: Error 1050: Table 'chat_logs' already exists
gorm: AutoMigrate ChatLogModel err: Error 1050: Table 'chat_logs' already exists
gorm: AutoMigrate ChatLogModel err: Error 1050: Table 'chat_logs' already exists
mongo: mongodb://root:LJKREc26A2BgziHW@127.0.0.1:37017/openIM_v3?maxPoolSize=100&authSource=admin
mongo: mongodb://root:LJKREc26A2BgziHW@127.0.0.1:37017/openIM_v3?maxPoolSize=100&authSource=admin
mongo: mongodb://root:LJKREc26A2BgziHW@127.0.0.1:37017/openIM_v3?maxPoolSize=100&authSource=admin
mongo: mongodb://root:LJKREc26A2BgziHW@127.0.0.1:37017/openIM_v3?maxPoolSize=100&authSource=admin
start msg transfer prometheusPort: 21400
start msg transfer prometheusPort: 21402
start msg transfer prometheusPort: 21401
start msg transfer prometheusPort: 21403
==========================start cron_task process===========================
configFolderPath: 
use config /Open-IM-Server/config/config.yaml
use config /Open-IM-Server/config/notification.yaml
cron task start, config 0 2 * * 3
mongo: mongodb://root:LJKREc26A2BgziHW@127.0.0.1:37017/openIM_v3?maxPoolSize=100&authSource=admin
